<?xml version="1.0" encoding="UTF-8"?>
<!-- Generated by org.testng.reporters.JUnitReportReporter -->
<testsuite hostname="DESKTOP-5EESGLJ" name="com.learnautomation.testmaven" tests="1" failures="0" timestamp="9 Feb 2018 07:03:42 GMT" time="0.031" errors="0">
  <testcase name="test1" time="0.031" classname="com.learnautomation.testmaven"/>
</testsuite> <!-- com.learnautomation.testmaven -->
